Flow report for ula
Wed Dec 17 07:15:28 2014
Quartus II 32-bit Version 11.1 Build 173 11/01/2011 SJ Web Edition


---------------------
; Table of Contents ;
---------------------
  1. Legal Notice
  2. Flow Summary
  3. Flow Settings
  4. Flow Non-Default Global Settings
  5. Flow Elapsed Time
  6. Flow OS Summary
  7. Flow Log



----------------
; Legal Notice ;
----------------
Copyright (C) 1991-2011 Altera Corporation
Your use of Altera Corporation's design tools, logic functions 
and other software and tools, and its AMPP partner logic 
functions, and any output files from any of the foregoing 
(including device programming or simulation files), and any 
associated documentation or information are expressly subject 
to the terms and conditions of the Altera Program License 
Subscription Agreement, Altera MegaCore Function License 
Agreement, or other applicable license agreement, including, 
without limitation, that your use is for the sole purpose of 
programming logic devices manufactured by Altera and sold by 
Altera or its authorized distributors.  Please refer to the 
applicable agreement for further details.



+-------------------------------------------------------------------------------+
; Flow Summary                                                                  ;
+------------------------------------+------------------------------------------+
; Flow Status                        ; Successful - Wed Dec 17 07:15:28 2014    ;
; Quartus II 32-bit Version          ; 11.1 Build 173 11/01/2011 SJ Web Edition ;
; Revision Name                      ; ula                                      ;
; Top-level Entity Name              ; ula                                      ;
; Family                             ; Cyclone II                               ;
; Device                             ; EP2C5AT144A7                             ;
; Timing Models                      ; Final                                    ;
; Total logic elements               ; 30 / 4,608 ( < 1 % )                     ;
;     Total combinational functions  ; 30 / 4,608 ( < 1 % )                     ;
;     Dedicated logic registers      ; 0 / 4,608 ( 0 % )                        ;
; Total registers                    ; 0                                        ;
; Total pins                         ; 47 / 89 ( 53 % )                         ;
; Total virtual pins                 ; 0                                        ;
; Total memory bits                  ; 0 / 119,808 ( 0 % )                      ;
; Embedded Multiplier 9-bit elements ; 0 / 26 ( 0 % )                           ;
; Total PLLs                         ; 0 / 2 ( 0 % )                            ;
+------------------------------------+------------------------------------------+


+-----------------------------------------+
; Flow Settings                           ;
+-------------------+---------------------+
; Option            ; Setting             ;
+-------------------+---------------------+
; Start date & time ; 12/17/2014 07:14:44 ;
; Main task         ; Compilation         ;
; Revision Name     ; ula                 ;
+-------------------+---------------------+


+----------------------------------------------------------------------------------------------------------------------+
; Flow Non-Default Global Settings                                                                                     ;
+-------------------------------------+---------------------------------+---------------+-------------+----------------+
; Assignment Name                     ; Value                           ; Default Value ; Entity Name ; Section Id     ;
+-------------------------------------+---------------------------------+---------------+-------------+----------------+
; COMPILER_SIGNATURE_ID               ; 141761622735905.141881128327826 ; --            ; --          ; --             ;
; EDA_GENERATE_FUNCTIONAL_NETLIST     ; On                              ; --            ; --          ; eda_simulation ;
; EDA_OUTPUT_DATA_FORMAT              ; None                            ; --            ; --          ; eda_simulation ;
; EDA_RUN_TOOL_AUTOMATICALLY          ; Off                             ; --            ; --          ; eda_simulation ;
; EDA_TIME_SCALE                      ; 1 ps                            ; --            ; --          ; eda_simulation ;
; PARTITION_COLOR                     ; 16764057                        ; --            ; --          ; Top            ;
; PARTITION_FITTER_PRESERVATION_LEVEL ; PLACEMENT_AND_ROUTING           ; --            ; --          ; Top            ;
; PARTITION_NETLIST_TYPE              ; SOURCE                          ; --            ; --          ; Top            ;
+-------------------------------------+---------------------------------+---------------+-------------+----------------+


+-------------------------------------------------------------------------------------------------------------------------------+
; Flow Elapsed Time                                                                                                             ;
+---------------------------+--------------+-------------------------+---------------------+------------------------------------+
; Module Name               ; Elapsed Time ; Average Processors Used ; Peak Virtual Memory ; Total CPU Time (on all processors) ;
+---------------------------+--------------+-------------------------+---------------------+------------------------------------+
; Analysis & Synthesis      ; 00:00:09     ; 1.0                     ; --                  ; 00:00:08                           ;
; Fitter                    ; 00:00:11     ; 1.0                     ; --                  ; 00:00:11                           ;
; TimeQuest Timing Analyzer ; 00:00:06     ; 1.0                     ; --                  ; 00:00:06                           ;
; Assembler                 ; 00:00:06     ; 1.0                     ; --                  ; 00:00:05                           ;
; Total                     ; 00:00:32     ; --                      ; --                  ; 00:00:30                           ;
+---------------------------+--------------+-------------------------+---------------------+------------------------------------+


+----------------------------------------------------------------------------------------------------+
; Flow OS Summary                                                                                    ;
+---------------------------+-------------------------+----------------+------------+----------------+
; Module Name               ; Machine Hostname        ; OS Name        ; OS Version ; Processor type ;
+---------------------------+-------------------------+----------------+------------+----------------+
; Analysis & Synthesis      ; gabriel-POSITIVO-MOBILE ; Ubuntu 12.04.2 ; 12         ; i686           ;
; Fitter                    ; gabriel-POSITIVO-MOBILE ; Ubuntu 12.04.2 ; 12         ; i686           ;
; TimeQuest Timing Analyzer ; gabriel-POSITIVO-MOBILE ; Ubuntu 12.04.2 ; 12         ; i686           ;
; Assembler                 ; gabriel-POSITIVO-MOBILE ; Ubuntu 12.04.2 ; 12         ; i686           ;
+---------------------------+-------------------------+----------------+------------+----------------+


------------
; Flow Log ;
------------
quartus_map --read_settings_files=on --write_settings_files=off ula -c ula
quartus_fit --read_settings_files=off --write_settings_files=off ula -c ula
quartus_sta ula -c ula
quartus_asm --read_settings_files=off --write_settings_files=off ula -c ula



